[18:08:13] [ServerMain/INFO]: Environment: Environment[sessionHost=https://sessionserver.mojang.com, servicesHost=https://api.minecraftservices.com, name=PROD]
[18:08:16] [ServerMain/INFO]: Loaded 1407 recipes
[18:08:16] [ServerMain/INFO]: Loaded 1520 advancements
[18:08:16] [Server thread/INFO]: Starting minecraft server version 1.21.7
[18:08:16] [Server thread/INFO]: Loading properties
[18:08:16] [Server thread/INFO]: Default game type: SURVIVAL
[18:08:16] [Server thread/INFO]: Generating keypair
[18:08:16] [Server thread/INFO]: Starting Minecraft server on *:25565
[18:08:17] [Server thread/INFO]: Using epoll channel type
[18:08:17] [Server thread/WARN]: **** SERVER IS RUNNING IN OFFLINE/INSECURE MODE!
[18:08:17] [Server thread/WARN]: The server will make no attempt to authenticate usernames. Beware.
[18:08:17] [Server thread/WARN]: While this makes the game possible to play without internet access, it also opens up the ability for hackers to connect with any username they choose.
[18:08:17] [Server thread/WARN]: To change this, set "online-mode" to "true" in the server.properties file.
[18:08:17] [Server thread/INFO]: Preparing level "world"
[18:08:17] [Server thread/INFO]: Preparing start region for dimension minecraft:overworld
[18:08:19] [Worker-Main-3/INFO]: Preparing spawn area: 0%
[18:08:19] [Worker-Main-3/INFO]: Preparing spawn area: 0%
[18:08:19] [Worker-Main-3/INFO]: Preparing spawn area: 0%
[18:08:19] [Worker-Main-3/INFO]: Preparing spawn area: 0%
[18:08:19] [Worker-Main-1/INFO]: Preparing spawn area: 0%
[18:08:19] [Server thread/INFO]: Time elapsed: 2248 ms
[18:08:19] [Server thread/INFO]: Done (2.719s)! For help, type "help"
[18:09:21] [Server thread/INFO]: Server empty for 60 seconds, pausing
[21:27:26] [Server thread/INFO]: DarkMatter[/192.168.193.132:51915] logged in with entity id 25 at (6.5, 136.0, -3.5)
[21:27:26] [Server thread/INFO]: DarkMatter joined the game
[21:27:35] [Server thread/INFO]: DarkMatter lost connection: Disconnected
[21:27:35] [Server thread/INFO]: DarkMatter left the game
[21:28:36] [Server thread/INFO]: Server empty for 60 seconds, pausing
[21:36:56] [Server thread/INFO]: DarkMatter[/192.168.193.132:52829] logged in with entity id 61 at (6.5, 136.0, -3.5)
[21:36:56] [Server thread/INFO]: DarkMatter joined the game
[21:36:58] [Server thread/INFO]: FknLinela[/192.168.193.123:52411] logged in with entity id 84 at (-6.5, 131.0, -1.5)
[21:36:58] [Server thread/INFO]: FknLinela joined the game
[21:37:07] [Server thread/INFO]: FknLinela lost connection: Disconnected
[21:37:07] [Server thread/INFO]: FknLinela left the game
[21:37:16] [Server thread/INFO]: FknLinela[/192.168.193.123:52455] logged in with entity id 573 at (-1.300000011920929, 134.0, 0.07835419219024914)
[21:37:16] [Server thread/INFO]: FknLinela joined the game
[21:39:00] [Server thread/INFO]: FknLinela has made the advancement [Stone Age]
[21:39:06] [Server thread/INFO]: FknLinela has made the advancement [Getting an Upgrade]
[21:40:01] [Server thread/INFO]: FknLinela has made the advancement [Acquire Hardware]
[21:40:23] [Server thread/INFO]: FknLinela has made the advancement [Isn't It Iron Pick]
[21:40:37] [Server thread/INFO]: FknLinela has made the advancement [Monster Hunter]
[21:41:27] [Server thread/INFO]: DarkMatter was slain by FknLinela
[21:43:10] [Server thread/INFO]: DarkMatter fell from a high place
[21:43:17] [Server thread/INFO]: DarkMatter fell from a high place
[21:43:23] [Server thread/INFO]: DarkMatter fell from a high place
[21:43:33] [Server thread/INFO]: DarkMatter fell from a high place
[21:43:47] [Server thread/INFO]: DarkMatter fell from a high place
[21:43:52] [Server thread/INFO]: DarkMatter fell from a high place
[21:43:59] [Server thread/INFO]: DarkMatter lost connection: Disconnected
[21:43:59] [Server thread/INFO]: DarkMatter left the game
[21:44:14] [Server thread/WARN]: Mismatch in destroy block pos: jb{x=16, y=70, z=15} jb{x=18, y=72, z=15}
[21:44:15] [Server thread/WARN]: Mismatch in destroy block pos: jb{x=16, y=70, z=15} jb{x=18, y=72, z=15}
[21:44:16] [Server thread/WARN]: Mismatch in destroy block pos: jb{x=18, y=72, z=9} jb{x=18, y=74, z=10}
[21:44:18] [Server thread/INFO]: FknLinela lost connection: Disconnected
[21:44:18] [Server thread/INFO]: FknLinela left the game
[21:45:18] [Server thread/INFO]: Server empty for 60 seconds, pausing
